Using pre-set license
Built from '2021.3/staging' branch; Version is '2021.3.4f1 (cb45f9cae8b7) revision 13321721'; Using compiler version '192829333'; Build Type 'Release'
OS: 'Windows 11  (10.0.22000) 64bit Professional' Language: 'pt' Physical Memory: 16315 MB
BatchMode: 1, IsHumanControllingUs: 0, StartBugReporterOnCrash: 0, Is64bit: 1, IsPro: 1

COMMAND LINE ARGUMENTS:
C:\Program Files\Unity\Hub\Editor\2021.3.4f1\Editor\Unity.exe
-adb2
-batchMode
-noUpm
-name
AssetImportWorker0
-projectPath
C:/Users/User/MeldaRPG
-logFile
Logs/AssetImportWorker0.log
-srvPort
57120
Successfully changed project path to: C:/Users/User/MeldaRPG
C:/Users/User/MeldaRPG
[UnityMemory] Configuration Parameters - Can be set up in boot.config
    "memorysetup-bucket-allocator-granularity=16"
    "memorysetup-bucket-allocator-bucket-count=8"
    "memorysetup-bucket-allocator-block-size=33554432"
    "memorysetup-bucket-allocator-block-count=8"
    "memorysetup-main-allocator-block-size=16777216"
    "memorysetup-thread-allocator-block-size=16777216"
    "memorysetup-gfx-main-allocator-block-size=16777216"
    "memorysetup-gfx-thread-allocator-block-size=16777216"
    "memorysetup-cache-allocator-block-size=4194304"
    "memorysetup-typetree-allocator-block-size=2097152"
    "memorysetup-profiler-bucket-allocator-granularity=16"
    "memorysetup-profiler-bucket-allocator-bucket-count=8"
    "memorysetup-profiler-bucket-allocator-block-size=33554432"
    "memorysetup-profiler-bucket-allocator-block-count=8"
    "memorysetup-profiler-allocator-block-size=16777216"
    "memorysetup-profiler-editor-allocator-block-size=1048576"
    "memorysetup-temp-allocator-size-main=16777216"
    "memorysetup-job-temp-allocator-block-size=2097152"
    "memorysetup-job-temp-allocator-block-size-background=1048576"
    "memorysetup-job-temp-allocator-reduction-small-platforms=262144"
    "memorysetup-temp-allocator-size-background-worker=32768"
    "memorysetup-temp-allocator-size-job-worker=262144"
    "memorysetup-temp-allocator-size-preload-manager=33554432"
    "memorysetup-temp-allocator-size-nav-mesh-worker=65536"
    "memorysetup-temp-allocator-size-audio-worker=65536"
    "memorysetup-temp-allocator-size-cloud-worker=32768"
    "memorysetup-temp-allocator-size-gi-baking-worker=262144"
    "memorysetup-temp-allocator-size-gfx=262144"
Refreshing native plugins compatible for Editor in 101.95 ms, found 4 plugins.
Preloading 0 native plugins for Editor in 0.00 ms.
Initialize engine version: 2021.3.4f1 (cb45f9cae8b7)
[Subsystems] Discovering subsystems at path C:/Program Files/Unity/Hub/Editor/2021.3.4f1/Editor/Data/Resources/UnitySubsystems
[Subsystems] Discovering subsystems at path C:/Users/User/MeldaRPG/Assets
GfxDevice: creating device client; threaded=0; jobified=0
Direct3D:
    Version:  Direct3D 11.0 [level 11.1]
    Renderer: Radeon RX 570 Series (ID=0x67df)
    Vendor:   ATI
    VRAM:     8170 MB
    Driver:   30.0.21017.1000
Initialize mono
Mono path[0] = 'C:/Program Files/Unity/Hub/Editor/2021.3.4f1/Editor/Data/Managed'
Mono path[1] = 'C:/Program Files/Unity/Hub/Editor/2021.3.4f1/Editor/Data/MonoBleedingEdge/lib/mono/unityjit-win32'
Mono config path = 'C:/Program Files/Unity/Hub/Editor/2021.3.4f1/Editor/Data/MonoBleedingEdge/etc'
Using monoOptions --debugger-agent=transport=dt_socket,embedding=1,server=y,suspend=n,address=127.0.0.1:56240
Begin MonoManager ReloadAssembly
Registering precompiled unity dll's ...
Register platform support module: C:/Program Files/Unity/Hub/Editor/2021.3.4f1/Editor/Data/PlaybackEngines/WebGLSupport/UnityEditor.WebGL.Extensions.dll
Register platform support module: C:/Program Files/Unity/Hub/Editor/2021.3.4f1/Editor/Data/PlaybackEngines/WindowsStandaloneSupport/UnityEditor.WindowsStandalone.Extensions.dll
Registered in 0.004471 seconds.
Native extension for WindowsStandalone target not found
Native extension for WebGL target not found
Refreshing native plugins compatible for Editor in 96.42 ms, found 4 plugins.
Preloading 0 native plugins for Editor in 0.00 ms.
Mono: successfully reloaded assembly
- Completed reload, in  0.543 seconds
Domain Reload Profiling:
	ReloadAssembly (544ms)
		BeginReloadAssembly (57ms)
			ExecutionOrderSort (0ms)
			DisableScriptedObjects (0ms)
			BackupInstance (0ms)
			ReleaseScriptingObjects (0ms)
			CreateAndSetChildDomain (1ms)
		EndReloadAssembly (395ms)
			LoadAssemblies (55ms)
			RebuildTransferFunctionScriptingTraits (0ms)
			SetupTypeCache (86ms)
			ReleaseScriptCaches (0ms)
			RebuildScriptCaches (28ms)
			SetupLoadedEditorAssemblies (240ms)
				LogAssemblyErrors (0ms)
				InitializePlatformSupportModulesInManaged (7ms)
				SetLoadedEditorAssemblies (0ms)
				RefreshPlugins (97ms)
				BeforeProcessingInitializeOnLoad (1ms)
				ProcessInitializeOnLoadAttributes (99ms)
				ProcessInitializeOnLoadMethodAttributes (36ms)
				AfterProcessingInitializeOnLoad (0ms)
				EditorAssembliesLoaded (0ms)
			ExecutionOrderSort2 (0ms)
			AwakeInstancesAfterBackupRestoration (0ms)
Platform modules already initialized, skipping
Registering precompiled user dll's ...
Registered in 0.006284 seconds.
Begin MonoManager ReloadAssembly
Symbol file LoadedFromMemory doesn't match image C:\Users\User\MeldaRPG\Library\PackageCache\com.unity.visualscripting@1.7.8\Editor\VisualScripting.Core\Dependencies\YamlDotNet\Unity.VisualScripting.YamlDotNet.dll
Symbol file LoadedFromMemory doesn't match image C:\Users\User\MeldaRPG\Library\PackageCache\com.unity.visualscripting@1.7.8\Editor\VisualScripting.Core\Dependencies\DotNetZip\Unity.VisualScripting.IonicZip.dll
Native extension for WindowsStandalone target not found
Native extension for WebGL target not found
Refreshing native plugins compatible for Editor in 94.94 ms, found 4 plugins.
Preloading 0 native plugins for Editor in 0.00 ms.
Mono: successfully reloaded assembly
- Completed reload, in  0.992 seconds
Domain Reload Profiling:
	ReloadAssembly (993ms)
		BeginReloadAssembly (101ms)
			ExecutionOrderSort (0ms)
			DisableScriptedObjects (5ms)
			BackupInstance (0ms)
			ReleaseScriptingObjects (0ms)
			CreateAndSetChildDomain (17ms)
		EndReloadAssembly (793ms)
			LoadAssemblies (63ms)
			RebuildTransferFunctionScriptingTraits (0ms)
			SetupTypeCache (202ms)
			ReleaseScriptCaches (1ms)
			RebuildScriptCaches (51ms)
			SetupLoadedEditorAssemblies (434ms)
				LogAssemblyErrors (0ms)
				InitializePlatformSupportModulesInManaged (4ms)
				SetLoadedEditorAssemblies (0ms)
				RefreshPlugins (95ms)
				BeforeProcessingInitializeOnLoad (89ms)
				ProcessInitializeOnLoadAttributes (206ms)
				ProcessInitializeOnLoadMethodAttributes (35ms)
				AfterProcessingInitializeOnLoad (5ms)
				EditorAssembliesLoaded (0ms)
			ExecutionOrderSort2 (0ms)
			AwakeInstancesAfterBackupRestoration (4ms)
Platform modules already initialized, skipping
========================================================================
Worker process is ready to serve import requests
Launched and connected shader compiler UnityShaderCompiler.exe after 0.04 seconds
Refreshing native plugins compatible for Editor in 1.00 ms, found 4 plugins.
Preloading 0 native plugins for Editor in 0.00 ms.
Unloading 4237 Unused Serialized files (Serialized files now loaded: 0)
Unloading 57 unused Assets / (267.9 KB). Loaded Objects now: 4687.
Memory consumption went from 160.1 MB to 159.8 MB.
Total: 3.485000 ms (FindLiveObjects: 0.404900 ms CreateObjectMapping: 0.122400 ms MarkObjects: 2.785300 ms  DeleteObjects: 0.171100 ms)

AssetImportParameters requested are different than current active one (requested -> active):
  custom:video-decoder-ogg-theora: a1e56fd34408186e4bbccfd4996cb3dc -> 
  custom:container-muxer-webm: aa71ff27fc2769a1b78a27578f13a17b -> 
  custom:container-demuxer-webm: 4f35f7cbe854078d1ac9338744f61a02 -> 
  custom:video-encoder-webm-vp8: eb34c28f22e8b96e1ab97ce403110664 -> 
  custom:audio-encoder-webm-vorbis: bf7c407c2cedff20999df2af8eb42d56 -> 
  custom:framework-win-MediaFoundation: 216162199b28c13a410421893ffa2e32 -> 
  custom:container-demuxer-ogg: 62fdf1f143b41e24485cea50d1cbac27 -> 
  custom:video-decoder-webm-vp8: 9c59270c3fd7afecdb556c50c9e8de78 -> 
  custom:audio-decoder-ogg-vorbis: bf7c407c2cedff20999df2af8eb42d56 -> 
========================================================================
Received Import Request.
  Time since last request: 1137417.488631 seconds.
  path: Assets/Sprites/SUNNYSIDE_WORLD_ASSETS_V0.2/TILESET/Objects.png
  artifactKey: Guid(7afaa09ba828d3447b9425ba9b34af29) Importer(815301076,1909f56bfc062723c751e8b465ee728b)
Start importing Assets/Sprites/SUNNYSIDE_WORLD_ASSETS_V0.2/TILESET/Objects.png using Guid(7afaa09ba828d3447b9425ba9b34af29) Importer(815301076,1909f56bfc062723c751e8b465ee728b)  -> (artifact id: '7f9f63d8c0d3ba8431d780bcc39024f1') in 0.333019 seconds 
========================================================================
Received Import Request.
  Time since last request: 187.756196 seconds.
  path: Assets/Sprites/SUNNYSIDE_WORLD_CHARACTERS_PARTS_V0.3.1/ROLL/mophair_roll_strip10.png
  artifactKey: Guid(dcea978ee83948c4b8bd0f776fc96441) Importer(815301076,1909f56bfc062723c751e8b465ee728b)
Start importing Assets/Sprites/SUNNYSIDE_WORLD_CHARACTERS_PARTS_V0.3.1/ROLL/mophair_roll_strip10.png using Guid(dcea978ee83948c4b8bd0f776fc96441) Importer(815301076,1909f56bfc062723c751e8b465ee728b)  -> (artifact id: '2bc88fef43640c75c694b7fbe905c594') in 0.025917 seconds 
========================================================================
Received Import Request.
  Time since last request: 0.000028 seconds.
  path: Assets/Sprites/SUNNYSIDE_WORLD_CHARACTERS_PARTS_V0.3.1/WAITING/longhair_waiting_strip9.png
  artifactKey: Guid(30b7004023c573f498fdcac0f5397eec) Importer(815301076,1909f56bfc062723c751e8b465ee728b)
Start importing Assets/Sprites/SUNNYSIDE_WORLD_CHARACTERS_PARTS_V0.3.1/WAITING/longhair_waiting_strip9.png using Guid(30b7004023c573f498fdcac0f5397eec) Importer(815301076,1909f56bfc062723c751e8b465ee728b)  -> (artifact id: '2cc3308a308f547a0321edd70f480d24') in 0.028337 seconds 
========================================================================
Received Import Request.
  Time since last request: 0.000045 seconds.
  path: Assets/Sprites/SUNNYSIDE_WORLD_CHARACTERS_PARTS_V0.3.1/CARRY/longhair_carry_strip8.png
  artifactKey: Guid(f1df7b83723d594408158e313da3ab5a) Importer(815301076,1909f56bfc062723c751e8b465ee728b)
Start importing Assets/Sprites/SUNNYSIDE_WORLD_CHARACTERS_PARTS_V0.3.1/CARRY/longhair_carry_strip8.png using Guid(f1df7b83723d594408158e313da3ab5a) Importer(815301076,1909f56bfc062723c751e8b465ee728b)  -> (artifact id: '055630d5eec8fe35b6ca5d434640afac') in 0.040185 seconds 
========================================================================
Received Import Request.
  Time since last request: 0.000028 seconds.
  path: Assets/Sprites/SUNNYSIDE_WORLD_CHARACTERS_PARTS_V0.3.1/DOING/bowlhair_doing_strip8.png
  artifactKey: Guid(487f0c108cb23de458e44b22895a00a6) Importer(815301076,1909f56bfc062723c751e8b465ee728b)
Start importing Assets/Sprites/SUNNYSIDE_WORLD_CHARACTERS_PARTS_V0.3.1/DOING/bowlhair_doing_strip8.png using Guid(487f0c108cb23de458e44b22895a00a6) Importer(815301076,1909f56bfc062723c751e8b465ee728b)  -> (artifact id: 'a9be876e210f0a1cb1555649820e09fb') in 0.030314 seconds 
========================================================================
Received Import Request.
  Time since last request: 0.000021 seconds.
  path: Assets/Sprites/SUNNYSIDE_WORLD_CHARACTERS_PARTS_V0.3.1/HAMMERING/bowlhair_hamering_strip23.png
  artifactKey: Guid(bddc8485d10833c428d9dd5d419822ab) Importer(815301076,1909f56bfc062723c751e8b465ee728b)
Start importing Assets/Sprites/SUNNYSIDE_WORLD_CHARACTERS_PARTS_V0.3.1/HAMMERING/bowlhair_hamering_strip23.png using Guid(bddc8485d10833c428d9dd5d419822ab) Importer(815301076,1909f56bfc062723c751e8b465ee728b)  -> (artifact id: 'cb6cd6e1ee38a6b6049aca338ab9705b') in 0.029771 seconds 
========================================================================
Received Import Request.
  Time since last request: 0.000022 seconds.
  path: Assets/Sprites/SUNNYSIDE_WORLD_CHARACTERS_PARTS_V0.3.1/AXE/longhair_axe_strip10.png
  artifactKey: Guid(1a518e21e548bc342b029f259a61af4c) Importer(815301076,1909f56bfc062723c751e8b465ee728b)
Start importing Assets/Sprites/SUNNYSIDE_WORLD_CHARACTERS_PARTS_V0.3.1/AXE/longhair_axe_strip10.png using Guid(1a518e21e548bc342b029f259a61af4c) Importer(815301076,1909f56bfc062723c751e8b465ee728b)  -> (artifact id: 'bdccafc0b01b44a6827e4c98017324b6') in 0.020939 seconds 
========================================================================
Received Import Request.
  Time since last request: 0.000020 seconds.
  path: Assets/Sprites/SUNNYSIDE_WORLD_CHARACTERS_PARTS_V0.3.1/CARRY/bowlhair_carry_strip8.png
  artifactKey: Guid(a69e117c6cd07934f96d6cc424adea3e) Importer(815301076,1909f56bfc062723c751e8b465ee728b)
Start importing Assets/Sprites/SUNNYSIDE_WORLD_CHARACTERS_PARTS_V0.3.1/CARRY/bowlhair_carry_strip8.png using Guid(a69e117c6cd07934f96d6cc424adea3e) Importer(815301076,1909f56bfc062723c751e8b465ee728b)  -> (artifact id: '796644909e7c6f47d273ff669bf82e18') in 0.020733 seconds 
========================================================================
Received Import Request.
  Time since last request: 0.000028 seconds.
  path: Assets/Sprites/SUNNYSIDE_WORLD_CHARACTERS_PARTS_V0.3.1/SWIMMING/curlyhair_swimming_strip12.png
  artifactKey: Guid(39c6a4b8b9b8d0342a8cd421cc24e7f3) Importer(815301076,1909f56bfc062723c751e8b465ee728b)
Start importing Assets/Sprites/SUNNYSIDE_WORLD_CHARACTERS_PARTS_V0.3.1/SWIMMING/curlyhair_swimming_strip12.png using Guid(39c6a4b8b9b8d0342a8cd421cc24e7f3) Importer(815301076,1909f56bfc062723c751e8b465ee728b)  -> (artifact id: '5dcfb116d40565987e9862a02447bc3a') in 0.023932 seconds 
========================================================================
Received Import Request.
  Time since last request: 0.000027 seconds.
  path: Assets/Sprites/SUNNYSIDE_WORLD_CHARACTERS_PARTS_V0.3.1/CAUGHT/bowlhair_caught_strip10.png
  artifactKey: Guid(7f42522f44cf0b34aa5bc2ed419f262f) Importer(815301076,1909f56bfc062723c751e8b465ee728b)
Start importing Assets/Sprites/SUNNYSIDE_WORLD_CHARACTERS_PARTS_V0.3.1/CAUGHT/bowlhair_caught_strip10.png using Guid(7f42522f44cf0b34aa5bc2ed419f262f) Importer(815301076,1909f56bfc062723c751e8b465ee728b)  -> (artifact id: '2f0bf3faee6bd8fd4f8c0db68b2ba03d') in 0.020906 seconds 
========================================================================
Received Import Request.
  Time since last request: 0.000027 seconds.
  path: Assets/Sprites/SUNNYSIDE_WORLD_CHARACTERS_PARTS_V0.3.1/WAITING/curlyhair_waiting_strip9.png
  artifactKey: Guid(ff03c1daf11406b4f9b39211a834b5c7) Importer(815301076,1909f56bfc062723c751e8b465ee728b)
Start importing Assets/Sprites/SUNNYSIDE_WORLD_CHARACTERS_PARTS_V0.3.1/WAITING/curlyhair_waiting_strip9.png using Guid(ff03c1daf11406b4f9b39211a834b5c7) Importer(815301076,1909f56bfc062723c751e8b465ee728b)  -> (artifact id: '46336b3c8c3f54d05e8197338e64d963') in 0.019461 seconds 
========================================================================
Received Import Request.
  Time since last request: 0.000026 seconds.
  path: Assets/Sprites/SUNNYSIDE_WORLD_CHARACTERS_PARTS_V0.3.1/DIG/bowlhair_dig_strip13.png
  artifactKey: Guid(be37af7751fb11b4d88bb4c88eda5a50) Importer(815301076,1909f56bfc062723c751e8b465ee728b)
Start importing Assets/Sprites/SUNNYSIDE_WORLD_CHARACTERS_PARTS_V0.3.1/DIG/bowlhair_dig_strip13.png using Guid(be37af7751fb11b4d88bb4c88eda5a50) Importer(815301076,1909f56bfc062723c751e8b465ee728b)  -> (artifact id: '4df9f10d68d727741f7528ff9c840f34') in 0.024943 seconds 
========================================================================
Received Import Request.
  Time since last request: 0.000023 seconds.
  path: Assets/Sprites/CHARACTERS/ANIMATION/DUST_FX/PNG/dust_land_sidepuff_strip5.png
  artifactKey: Guid(003ecbd64b4f9f142afb6ce644d05340) Importer(815301076,1909f56bfc062723c751e8b465ee728b)
Start importing Assets/Sprites/CHARACTERS/ANIMATION/DUST_FX/PNG/dust_land_sidepuff_strip5.png using Guid(003ecbd64b4f9f142afb6ce644d05340) Importer(815301076,1909f56bfc062723c751e8b465ee728b)  -> (artifact id: 'b855f8ece114244f214473ffb8e56048') in 0.018225 seconds 
========================================================================
Received Import Request.
  Time since last request: 0.000019 seconds.
  path: Assets/Sprites/CHARACTERS/ANIMATION/DUST_FX/PNG/dust_run_strip8.png
  artifactKey: Guid(0c3bfab2d53615c47b1ef7233f81023d) Importer(815301076,1909f56bfc062723c751e8b465ee728b)
Start importing Assets/Sprites/CHARACTERS/ANIMATION/DUST_FX/PNG/dust_run_strip8.png using Guid(0c3bfab2d53615c47b1ef7233f81023d) Importer(815301076,1909f56bfc062723c751e8b465ee728b)  -> (artifact id: '1c349407a3fb46975a326ae62bb3097e') in 0.022311 seconds 
========================================================================
Received Import Request.
  Time since last request: 0.000021 seconds.
  path: Assets/Sprites/SUNNYSIDE_WORLD_CHARACTERS_PARTS_V0.3.1/MINING/longhair_mining_strip10.png
  artifactKey: Guid(a6068407c5da8e34699228607d34bd43) Importer(815301076,1909f56bfc062723c751e8b465ee728b)
Start importing Assets/Sprites/SUNNYSIDE_WORLD_CHARACTERS_PARTS_V0.3.1/MINING/longhair_mining_strip10.png using Guid(a6068407c5da8e34699228607d34bd43) Importer(815301076,1909f56bfc062723c751e8b465ee728b)  -> (artifact id: '2813b38708be622465738e3bac7db80d') in 0.022618 seconds 
========================================================================
Received Import Request.
  Time since last request: 0.000027 seconds.
  path: Assets/Sprites/SUNNYSIDE_WORLD_CHARACTERS_PARTS_V0.3.1/SWIMMING/longhair_swimming_strip12.png
  artifactKey: Guid(9960125143a8d84429055799bea68cd4) Importer(815301076,1909f56bfc062723c751e8b465ee728b)
Start importing Assets/Sprites/SUNNYSIDE_WORLD_CHARACTERS_PARTS_V0.3.1/SWIMMING/longhair_swimming_strip12.png using Guid(9960125143a8d84429055799bea68cd4) Importer(815301076,1909f56bfc062723c751e8b465ee728b)  -> (artifact id: '0e4ac3206a33656510e99f86321e43b9') in 0.021203 seconds 
========================================================================
Received Import Request.
  Time since last request: 0.000022 seconds.
  path: Assets/Sprites/SUNNYSIDE_WORLD_CHARACTERS_PARTS_V0.3.1/WATERING/base_watering_strip5.png
  artifactKey: Guid(fd19418a7e7d70740b26be2d89b11146) Importer(815301076,1909f56bfc062723c751e8b465ee728b)
Start importing Assets/Sprites/SUNNYSIDE_WORLD_CHARACTERS_PARTS_V0.3.1/WATERING/base_watering_strip5.png using Guid(fd19418a7e7d70740b26be2d89b11146) Importer(815301076,1909f56bfc062723c751e8b465ee728b)  -> (artifact id: 'ed95d58938da96495fd272bcd04aeb2e') in 0.022593 seconds 
========================================================================
Received Import Request.
  Time since last request: 0.000025 seconds.
  path: Assets/Sprites/CHARACTERS/ANIMATION/DUST_FX/PNG/dust_land_single_B_strip3.png
  artifactKey: Guid(cbb21dfff550ed34abb4e0c9071cb19b) Importer(815301076,1909f56bfc062723c751e8b465ee728b)
Start importing Assets/Sprites/CHARACTERS/ANIMATION/DUST_FX/PNG/dust_land_single_B_strip3.png using Guid(cbb21dfff550ed34abb4e0c9071cb19b) Importer(815301076,1909f56bfc062723c751e8b465ee728b)  -> (artifact id: '5d5fbfdb54d15ca6e4b1bddd3cf05168') in 0.019055 seconds 
========================================================================
Received Import Request.
  Time since last request: 0.000035 seconds.
  path: Assets/Sprites/SUNNYSIDE_WORLD_CHARACTERS_PARTS_V0.3.1/RUN/longhair_run_strip8.png
  artifactKey: Guid(204ce883da9f3e14d9e68410d72efc8d) Importer(815301076,1909f56bfc062723c751e8b465ee728b)
Start importing Assets/Sprites/SUNNYSIDE_WORLD_CHARACTERS_PARTS_V0.3.1/RUN/longhair_run_strip8.png using Guid(204ce883da9f3e14d9e68410d72efc8d) Importer(815301076,1909f56bfc062723c751e8b465ee728b)  -> (artifact id: 'aa328678c82865be4ce1bbab34fbd7e8') in 0.020751 seconds 
========================================================================
Received Import Request.
  Time since last request: 0.000025 seconds.
  path: Assets/Sprites/SUNNYSIDE_WORLD_CHARACTERS_PARTS_V0.3.1/WATERING/curlyhair_watering_strip5.png
  artifactKey: Guid(284423c2f5db56b48bdc887138f92ce9) Importer(815301076,1909f56bfc062723c751e8b465ee728b)
Start importing Assets/Sprites/SUNNYSIDE_WORLD_CHARACTERS_PARTS_V0.3.1/WATERING/curlyhair_watering_strip5.png using Guid(284423c2f5db56b48bdc887138f92ce9) Importer(815301076,1909f56bfc062723c751e8b465ee728b)  -> (artifact id: '31cf7c9b51a66abdd4c0e77ad6b216da') in 0.020560 seconds 
Editor requested this worker to shutdown with reason: Scaling down because of idle timeout
AssetImportWorker is now disconnected from the server
Process exiting
Exiting without the bug reporter. Application will terminate with return code 0